exception 'PDOException' with message 'SQLSTATE[HY000] [1045] Access denied for user 'root'@'localhost' (using password: NO)' in C:\OpenServer\domains\GameX\install\functions.php:89
Stack trace:
#0 C:\OpenServer\domains\GameX\install\functions.php(89): PDO->__construct('mysql:host=127....', 'root', '')
#1 C:\OpenServer\domains\GameX\install\index.php(49): checkDbConnection(Array)
#2 {main}

exception 'PDOException' with message 'SQLSTATE[HY000] [1045] Access denied for user 'root'@'localhost' (using password: NO)' in C:\OpenServer\domains\GameX\install\functions.php:89
Stack trace:
#0 C:\OpenServer\domains\GameX\install\functions.php(89): PDO->__construct('mysql:host=127....', 'root', '')
#1 C:\OpenServer\domains\GameX\install\index.php(49): checkDbConnection(Array)
#2 {main}

exception 'PDOException' with message 'SQLSTATE[HY000] [1045] Access denied for user 'root'@'localhost' (using password: NO)' in C:\OpenServer\domains\GameX\install\functions.php:89
Stack trace:
#0 C:\OpenServer\domains\GameX\install\functions.php(89): PDO->__construct('mysql:host=127....', 'root', '')
#1 C:\OpenServer\domains\GameX\install\index.php(49): checkDbConnection(Array)
#2 {main}

exception 'PDOException' with message 'SQLSTATE[HY000] [1045] Access denied for user 'root'@'localhost' (using password: NO)' in C:\OpenServer\domains\GameX\install\functions.php:89
Stack trace:
#0 C:\OpenServer\domains\GameX\install\functions.php(89): PDO->__construct('mysql:host=127....', 'root', '')
#1 C:\OpenServer\domains\GameX\install\index.php(49): checkDbConnection(Array)
#2 {main}

exception 'PDOException' with message 'SQLSTATE[HY000] [1045] Access denied for user 'root'@'localhost' (using password: NO)' in C:\OpenServer\domains\GameX\install\functions.php:89
Stack trace:
#0 C:\OpenServer\domains\GameX\install\functions.php(89): PDO->__construct('mysql:host=127....', 'root', '')
#1 C:\OpenServer\domains\GameX\install\index.php(49): checkDbConnection(Array)
#2 {main}

exception 'PDOException' with message 'SQLSTATE[HY000] [1045] Access denied for user 'root'@'localhost' (using password: NO)' in C:\OpenServer\domains\GameX\install\functions.php:89
Stack trace:
#0 C:\OpenServer\domains\GameX\install\functions.php(89): PDO->__construct('mysql:host=127....', 'root', '')
#1 C:\OpenServer\domains\GameX\install\index.php(49): checkDbConnection(Array)
#2 {main}

exception 'PDOException' with message 'SQLSTATE[HY000] [1045] Access denied for user 'root'@'localhost' (using password: NO)' in C:\OpenServer\domains\GameX\install\functions.php:89
Stack trace:
#0 C:\OpenServer\domains\GameX\install\functions.php(89): PDO->__construct('mysql:host=127....', 'root', '')
#1 C:\OpenServer\domains\GameX\install\index.php(49): checkDbConnection(Array)
#2 {main}

exception 'PDOException' with message 'SQLSTATE[HY000] [1045] Access denied for user 'root'@'localhost' (using password: NO)' in C:\OpenServer\domains\GameX\install\functions.php:89
Stack trace:
#0 C:\OpenServer\domains\GameX\install\functions.php(89): PDO->__construct('mysql:host=127....', 'root', '')
#1 C:\OpenServer\domains\GameX\install\index.php(49): checkDbConnection(Array)
#2 {main}

exception 'PDOException' with message 'SQLSTATE[HY000] [1045] Access denied for user 'root'@'localhost' (using password: NO)' in C:\OpenServer\domains\GameX\install\functions.php:89
Stack trace:
#0 C:\OpenServer\domains\GameX\install\functions.php(89): PDO->__construct('mysql:host=127....', 'root', '')
#1 C:\OpenServer\domains\GameX\install\index.php(49): checkDbConnection(Array)
#2 {main}

exception 'PDOException' with message 'SQLSTATE[HY000] [1045] Access denied for user 'root'@'localhost' (using password: NO)' in C:\OpenServer\domains\GameX\install\functions.php:89
Stack trace:
#0 C:\OpenServer\domains\GameX\install\functions.php(89): PDO->__construct('mysql:host=127....', 'root', '')
#1 C:\OpenServer\domains\GameX\install\index.php(49): checkDbConnection(Array)
#2 {main}

exception 'PDOException' with message 'SQLSTATE[HY000] [1045] Access denied for user 'root'@'localhost' (using password: NO)' in C:\OpenServer\domains\GameX\install\functions.php:89
Stack trace:
#0 C:\OpenServer\domains\GameX\install\functions.php(89): PDO->__construct('mysql:host=127....', 'root', '')
#1 C:\OpenServer\domains\GameX\install\index.php(49): checkDbConnection(Array)
#2 {main}

exception 'PDOException' with message 'SQLSTATE[HY000] [1045] Access denied for user 'root'@'localhost' (using password: NO)' in C:\OpenServer\domains\GameX\install\functions.php:89
Stack trace:
#0 C:\OpenServer\domains\GameX\install\functions.php(89): PDO->__construct('mysql:host=127....', 'root', '')
#1 C:\OpenServer\domains\GameX\install\index.php(49): checkDbConnection(Array)
#2 {main}

exception 'PDOException' with message 'SQLSTATE[HY000] [1045] Access denied for user 'root'@'localhost' (using password: NO)' in C:\OpenServer\domains\GameX\install\functions.php:89
Stack trace:
#0 C:\OpenServer\domains\GameX\install\functions.php(89): PDO->__construct('mysql:host=127....', 'root', '')
#1 C:\OpenServer\domains\GameX\install\index.php(49): checkDbConnection(Array)
#2 {main}

exception 'PDOException' with message 'SQLSTATE[HY000] [1045] Access denied for user 'root'@'localhost' (using password: NO)' in C:\OpenServer\domains\GameX\install\functions.php:89
Stack trace:
#0 C:\OpenServer\domains\GameX\install\functions.php(89): PDO->__construct('mysql:host=127....', 'root', '')
#1 C:\OpenServer\domains\GameX\install\index.php(49): checkDbConnection(Array)
#2 {main}

exception 'PDOException' with message 'SQLSTATE[HY000] [1045] Access denied for user 'root'@'localhost' (using password: NO)' in C:\OpenServer\domains\GameX\install\functions.php:89
Stack trace:
#0 C:\OpenServer\domains\GameX\install\functions.php(89): PDO->__construct('mysql:host=127....', 'root', '')
#1 C:\OpenServer\domains\GameX\install\index.php(49): checkDbConnection(Array)
#2 {main}

exception 'PDOException' with message 'SQLSTATE[HY000] [1045] Access denied for user 'root'@'localhost' (using password: NO)' in C:\OpenServer\domains\GameX\install\functions.php:89
Stack trace:
#0 C:\OpenServer\domains\GameX\install\functions.php(89): PDO->__construct('mysql:host=127....', 'root', '')
#1 C:\OpenServer\domains\GameX\install\index.php(49): checkDbConnection(Array)
#2 {main}

exception 'PDOException' with message 'SQLSTATE[HY000] [1045] Access denied for user 'root'@'localhost' (using password: NO)' in C:\OpenServer\domains\GameX\install\functions.php:89
Stack trace:
#0 C:\OpenServer\domains\GameX\install\functions.php(89): PDO->__construct('mysql:host=127....', 'root', '')
#1 C:\OpenServer\domains\GameX\install\index.php(49): checkDbConnection(Array)
#2 {main}

exception 'PDOException' with message 'SQLSTATE[HY000] [1045] Access denied for user 'root'@'localhost' (using password: NO)' in C:\OpenServer\domains\GameX\install\functions.php:89
Stack trace:
#0 C:\OpenServer\domains\GameX\install\functions.php(89): PDO->__construct('mysql:host=127....', 'root', '')
#1 C:\OpenServer\domains\GameX\install\index.php(49): checkDbConnection(Array)
#2 {main}

exception 'PDOException' with message 'SQLSTATE[HY000] [1045] Access denied for user 'root'@'localhost' (using password: NO)' in C:\OpenServer\domains\GameX\install\functions.php:89
Stack trace:
#0 C:\OpenServer\domains\GameX\install\functions.php(89): PDO->__construct('mysql:host=127....', 'root', '')
#1 C:\OpenServer\domains\GameX\install\index.php(49): checkDbConnection(Array)
#2 {main}

exception 'PDOException' with message 'SQLSTATE[HY000] [1045] Access denied for user 'root'@'localhost' (using password: NO)' in C:\OpenServer\domains\GameX\install\functions.php:89
Stack trace:
#0 C:\OpenServer\domains\GameX\install\functions.php(89): PDO->__construct('mysql:host=127....', 'root', '')
#1 C:\OpenServer\domains\GameX\install\index.php(49): checkDbConnection(Array)
#2 {main}

exception 'PDOException' with message 'SQLSTATE[HY000] [1045] Access denied for user 'root'@'localhost' (using password: NO)' in C:\OpenServer\domains\GameX\install\functions.php:89
Stack trace:
#0 C:\OpenServer\domains\GameX\install\functions.php(89): PDO->__construct('mysql:host=127....', 'root', '')
#1 C:\OpenServer\domains\GameX\install\index.php(49): checkDbConnection(Array)
#2 {main}

exception 'PDOException' with message 'SQLSTATE[HY000] [1045] Access denied for user 'root'@'localhost' (using password: NO)' in C:\OpenServer\domains\GameX\install\functions.php:89
Stack trace:
#0 C:\OpenServer\domains\GameX\install\functions.php(89): PDO->__construct('mysql:host=127....', 'root', '')
#1 C:\OpenServer\domains\GameX\install\index.php(49): checkDbConnection(Array)
#2 {main}

exception 'PDOException' with message 'SQLSTATE[HY000] [1045] Access denied for user 'root'@'localhost' (using password: NO)' in C:\OpenServer\domains\GameX\install\functions.php:89
Stack trace:
#0 C:\OpenServer\domains\GameX\install\functions.php(89): PDO->__construct('mysql:host=127....', 'root', '')
#1 C:\OpenServer\domains\GameX\install\index.php(49): checkDbConnection(Array)
#2 {main}

